[0m15:36:24.353102 [debug] [MainThread]: Sending event: {'category': 'dbt', 'action': 'invocation', 'label': 'start', 'context': [<snowplow_tracker.self_describing_json.SelfDescribingJson object at 0x0000013C583F3B60>, <snowplow_tracker.self_describing_json.SelfDescribingJson object at 0x0000013C56455E50>, <snowplow_tracker.self_describing_json.SelfDescribingJson object at 0x0000013C5A903C50>]}


============================== 15:36:24.363368 | 2590a152-463d-4baf-8555-3bdebb26a1fb ==============================
[0m15:36:24.363368 [info ] [MainThread]: Running with dbt=1.10.2
[0m15:36:24.364268 [debug] [MainThread]: running dbt with arguments {'printer_width': '80', 'indirect_selection': 'eager', 'write_json': 'True', 'log_cache_events': 'False', 'partial_parse': 'True', 'cache_selected_only': 'False', 'profiles_dir': 'C:\\Users\\firdo\\.dbt', 'version_check': 'True', 'warn_error': 'None', 'log_path': 'logs', 'fail_fast': 'False', 'debug': 'False', 'use_colors': 'True', 'use_experimental_parser': 'False', 'empty': 'None', 'quiet': 'False', 'no_print': 'None', 'log_format': 'default', 'introspect': 'True', 'warn_error_options': 'WarnErrorOptionsV2(error=[], warn=[], silence=[])', 'invocation_command': 'dbt init movielens', 'target_path': 'None', 'static_parser': 'True', 'send_anonymous_usage_stats': 'True'}
[0m15:36:24.380252 [info ] [MainThread]: Creating dbt configuration folder at C:\Users\firdo\.dbt
[0m15:36:24.382987 [debug] [MainThread]: Starter project path: C:\Users\firdo\Documents\MovieLens-DBT\venv\Lib\site-packages\dbt\include\starter_project
[0m15:36:24.397234 [info ] [MainThread]: 
Your new dbt project "movielens" was created!

For more information on how to configure the profiles.yml file,
please consult the dbt documentation here:

  https://docs.getdbt.com/docs/configure-your-profile

One more thing:

Need help? Don't hesitate to reach out to us via GitHub issues or on Slack:

  https://community.getdbt.com/

Happy modeling!

[0m15:36:24.398447 [info ] [MainThread]: Setting up your profile.
[0m15:44:15.946060 [info ] [MainThread]: Profile movielens written to C:\Users\firdo\.dbt\profiles.yml using target's profile_template.yml and your supplied values. Run 'dbt debug' to validate the connection.
[0m15:44:15.947732 [debug] [MainThread]: Command `dbt init` succeeded at 15:44:15.947566 after 471.81 seconds
[0m15:44:15.948182 [debug] [MainThread]: Sending event: {'category': 'dbt', 'action': 'invocation', 'label': 'end', 'context': [<snowplow_tracker.self_describing_json.SelfDescribingJson object at 0x0000013C5B7A95B0>, <snowplow_tracker.self_describing_json.SelfDescribingJson object at 0x0000013C5AE139B0>, <snowplow_tracker.self_describing_json.SelfDescribingJson object at 0x0000013C5B6CF680>]}
[0m15:44:15.948768 [debug] [MainThread]: Flushing usage events
[0m15:44:16.983850 [debug] [MainThread]: An error was encountered while trying to flush usage events
[0m17:47:15.987790 [debug] [MainThread]: Sending event: {'category': 'dbt', 'action': 'invocation', 'label': 'start', 'context': [<snowplow_tracker.self_describing_json.SelfDescribingJson object at 0x00000253C9CC3B60>, <snowplow_tracker.self_describing_json.SelfDescribingJson object at 0x00000253C7D25E50>, <snowplow_tracker.self_describing_json.SelfDescribingJson object at 0x00000253CC1D7C50>]}


============================== 17:47:15.997190 | 5c96527c-03c8-4b1c-bf8c-d40fb191d977 ==============================
[0m17:47:15.997190 [info ] [MainThread]: Running with dbt=1.10.2
[0m17:47:15.997931 [debug] [MainThread]: running dbt with arguments {'printer_width': '80', 'indirect_selection': 'eager', 'write_json': 'True', 'log_cache_events': 'False', 'partial_parse': 'True', 'cache_selected_only': 'False', 'profiles_dir': 'C:\\Users\\firdo\\.dbt', 'debug': 'False', 'version_check': 'True', 'log_path': 'logs', 'warn_error': 'None', 'fail_fast': 'False', 'use_colors': 'True', 'use_experimental_parser': 'False', 'empty': 'False', 'quiet': 'False', 'no_print': 'None', 'warn_error_options': 'WarnErrorOptionsV2(error=[], warn=[], silence=[])', 'invocation_command': 'dbt run', 'introspect': 'True', 'static_parser': 'True', 'target_path': 'None', 'log_format': 'default', 'send_anonymous_usage_stats': 'True'}
[0m17:47:15.998408 [error] [MainThread]: Encountered an error:
Runtime Error
  No dbt_project.yml found at expected path C:\Users\firdo\Documents\MovieLens-DBT\dbt_project.yml
  Verify that each entry within packages.yml (and their transitive dependencies) contains a file named dbt_project.yml
  
[0m17:47:15.999286 [debug] [MainThread]: Command `dbt run` failed at 17:47:15.999156 after 0.18 seconds
[0m17:47:15.999616 [debug] [MainThread]: Sending event: {'category': 'dbt', 'action': 'invocation', 'label': 'end', 'context': [<snowplow_tracker.self_describing_json.SelfDescribingJson object at 0x00000253CB05AEA0>, <snowplow_tracker.self_describing_json.SelfDescribingJson object at 0x00000253CB07FBF0>, <snowplow_tracker.self_describing_json.SelfDescribingJson object at 0x00000253CB004E20>]}
[0m17:47:15.999936 [debug] [MainThread]: Flushing usage events
[0m17:47:17.535692 [debug] [MainThread]: An error was encountered while trying to flush usage events
[0m17:26:32.200447 [debug] [MainThread]: Sending event: {'category': 'dbt', 'action': 'invocation', 'label': 'start', 'context': [<snowplow_tracker.self_describing_json.SelfDescribingJson object at 0x000002640EFD3B60>, <snowplow_tracker.self_describing_json.SelfDescribingJson object at 0x000002640D035E50>, <snowplow_tracker.self_describing_json.SelfDescribingJson object at 0x00000264114E7C50>]}


============================== 17:26:32.208881 | bddbd2de-1013-46da-bab2-b63d2d0e3b0a ==============================
[0m17:26:32.208881 [info ] [MainThread]: Running with dbt=1.10.2
[0m17:26:32.209585 [debug] [MainThread]: running dbt with arguments {'printer_width': '80', 'indirect_selection': 'eager', 'write_json': 'True', 'log_cache_events': 'False', 'partial_parse': 'True', 'cache_selected_only': 'False', 'warn_error': 'None', 'fail_fast': 'False', 'profiles_dir': 'C:\\Users\\firdo\\.dbt', 'log_path': 'logs', 'version_check': 'True', 'debug': 'False', 'use_colors': 'True', 'use_experimental_parser': 'False', 'no_print': 'None', 'quiet': 'False', 'empty': 'False', 'warn_error_options': 'WarnErrorOptionsV2(error=[], warn=[], silence=[])', 'introspect': 'True', 'invocation_command': 'dbt run', 'log_format': 'default', 'target_path': 'None', 'static_parser': 'True', 'send_anonymous_usage_stats': 'True'}
[0m17:26:32.209936 [error] [MainThread]: Encountered an error:
Runtime Error
  No dbt_project.yml found at expected path C:\Users\firdo\Documents\MovieLens-DBT\dbt_project.yml
  Verify that each entry within packages.yml (and their transitive dependencies) contains a file named dbt_project.yml
  
[0m17:26:32.210650 [debug] [MainThread]: Command `dbt run` failed at 17:26:32.210548 after 0.16 seconds
[0m17:26:32.210913 [debug] [MainThread]: Sending event: {'category': 'dbt', 'action': 'invocation', 'label': 'end', 'context': [<snowplow_tracker.self_describing_json.SelfDescribingJson object at 0x000002641036AEA0>, <snowplow_tracker.self_describing_json.SelfDescribingJson object at 0x000002641038FBF0>, <snowplow_tracker.self_describing_json.SelfDescribingJson object at 0x0000026410314E20>]}
[0m17:26:32.211164 [debug] [MainThread]: Flushing usage events
[0m17:26:33.276671 [debug] [MainThread]: An error was encountered while trying to flush usage events
[0m10:35:34.439100 [debug] [MainThread]: Sending event: {'category': 'dbt', 'action': 'invocation', 'label': 'start', 'context': [<snowplow_tracker.self_describing_json.SelfDescribingJson object at 0x000002373B5E3B60>, <snowplow_tracker.self_describing_json.SelfDescribingJson object at 0x0000023739645E50>, <snowplow_tracker.self_describing_json.SelfDescribingJson object at 0x000002373DB07C50>]}


============================== 10:35:34.448333 | eb6ea291-0ae3-42f9-9b77-2eb94a46cc89 ==============================
[0m10:35:34.448333 [info ] [MainThread]: Running with dbt=1.10.2
[0m10:35:34.449200 [debug] [MainThread]: running dbt with arguments {'printer_width': '80', 'indirect_selection': 'eager', 'log_cache_events': 'False', 'write_json': 'True', 'partial_parse': 'True', 'cache_selected_only': 'False', 'warn_error': 'None', 'debug': 'False', 'profiles_dir': 'C:\\Users\\firdo\\.dbt', 'log_path': 'logs', 'fail_fast': 'False', 'version_check': 'True', 'use_colors': 'True', 'use_experimental_parser': 'False', 'empty': 'False', 'quiet': 'False', 'no_print': 'None', 'log_format': 'default', 'introspect': 'True', 'static_parser': 'True', 'warn_error_options': 'WarnErrorOptionsV2(error=[], warn=[], silence=[])', 'target_path': 'None', 'invocation_command': 'dbt run', 'send_anonymous_usage_stats': 'True'}
[0m10:35:34.449618 [error] [MainThread]: Encountered an error:
Runtime Error
  No dbt_project.yml found at expected path C:\Users\firdo\Documents\MovieLens-DBT\dbt_project.yml
  Verify that each entry within packages.yml (and their transitive dependencies) contains a file named dbt_project.yml
  
[0m10:35:34.450210 [debug] [MainThread]: Command `dbt run` failed at 10:35:34.450122 after 0.16 seconds
[0m10:35:34.450459 [debug] [MainThread]: Sending event: {'category': 'dbt', 'action': 'invocation', 'label': 'end', 'context': [<snowplow_tracker.self_describing_json.SelfDescribingJson object at 0x000002373C98AEA0>, <snowplow_tracker.self_describing_json.SelfDescribingJson object at 0x000002373C9B7BF0>, <snowplow_tracker.self_describing_json.SelfDescribingJson object at 0x000002373C934E20>]}
[0m10:35:34.450705 [debug] [MainThread]: Flushing usage events
[0m10:35:35.511676 [debug] [MainThread]: An error was encountered while trying to flush usage events
[0m09:21:17.939854 [debug] [MainThread]: Sending event: {'category': 'dbt', 'action': 'invocation', 'label': 'start', 'context': [<snowplow_tracker.self_describing_json.SelfDescribingJson object at 0x0000017BA13A3B60>, <snowplow_tracker.self_describing_json.SelfDescribingJson object at 0x0000017B9F405E50>, <snowplow_tracker.self_describing_json.SelfDescribingJson object at 0x0000017BA38BBC50>]}


============================== 09:21:17.947722 | a14c7c8a-4c6a-4b90-8eb6-2d6c95aaa559 ==============================
[0m09:21:17.947722 [info ] [MainThread]: Running with dbt=1.10.2
[0m09:21:17.948455 [debug] [MainThread]: running dbt with arguments {'printer_width': '80', 'indirect_selection': 'eager', 'write_json': 'True', 'log_cache_events': 'False', 'partial_parse': 'True', 'cache_selected_only': 'False', 'warn_error': 'None', 'fail_fast': 'False', 'debug': 'False', 'log_path': 'logs', 'version_check': 'True', 'profiles_dir': 'C:\\Users\\firdo\\.dbt', 'use_colors': 'True', 'use_experimental_parser': 'False', 'empty': 'False', 'quiet': 'False', 'no_print': 'None', 'warn_error_options': 'WarnErrorOptionsV2(error=[], warn=[], silence=[])', 'static_parser': 'True', 'introspect': 'True', 'log_format': 'default', 'target_path': 'None', 'invocation_command': 'dbt run --model dim_movies_with_tags', 'send_anonymous_usage_stats': 'True'}
[0m09:21:17.948761 [warn ] [MainThread]: [[33mWARNING[0m]: Deprecated functionality
Usage of `--models`, `--model`, and `-m` is deprecated in favor of
`--resource-type model --select`
[0m09:21:17.949071 [debug] [MainThread]: Sending event: {'category': 'dbt', 'action': 'deprecation', 'label': 'a14c7c8a-4c6a-4b90-8eb6-2d6c95aaa559', 'property_': 'warn', 'context': [<snowplow_tracker.self_describing_json.SelfDescribingJson object at 0x0000017BA2737100>]}
[0m09:21:17.949435 [error] [MainThread]: Encountered an error:
Runtime Error
  No dbt_project.yml found at expected path C:\Users\firdo\Documents\MovieLens-DBT\dbt_project.yml
  Verify that each entry within packages.yml (and their transitive dependencies) contains a file named dbt_project.yml
  
[0m09:21:17.949853 [warn ] [MainThread]: [[33mWARNING[0m][DeprecationsSummary]: Deprecated functionality
Summary of encountered deprecations:
- ModelParamUsageDeprecation: 1 occurrence
To see all deprecation instances instead of just the first occurrence of each,
run command again with the `--show-all-deprecations` flag. You may also need to
run with `--no-partial-parse` as some deprecations are only encountered during
parsing.
[0m09:21:17.950809 [debug] [MainThread]: Command `dbt run` failed at 09:21:17.950667 after 0.16 seconds
[0m09:21:17.951079 [debug] [MainThread]: Sending event: {'category': 'dbt', 'action': 'invocation', 'label': 'end', 'context': [<snowplow_tracker.self_describing_json.SelfDescribingJson object at 0x0000017BA26C0E20>, <snowplow_tracker.self_describing_json.SelfDescribingJson object at 0x0000017BA26C0F30>, <snowplow_tracker.self_describing_json.SelfDescribingJson object at 0x0000017BA2671550>]}
[0m09:21:17.951317 [debug] [MainThread]: Flushing usage events
[0m09:21:19.141626 [debug] [MainThread]: An error was encountered while trying to flush usage events
